This is pdfeTeX, Version 3.141592-1.21a-2.2 (Web2C 7.5.4) (format=latex 2010.7.20)  13 JAN 2011 11:02
entering extended mode
**manual.tex
(./manual.tex
LaTeX2e <2003/12/01>
Babel <v3.8d> and hyphenation patterns for american, french, german, ngerman, b
ahasa, basque, bulgarian, catalan, croatian, czech, danish, dutch, esperanto, e
stonian, finnish, greek, icelandic, irish, italian, latin, magyar, norsk, polis
h, portuges, romanian, russian, serbian, slovak, slovene, spanish, swedish, tur
kish, ukrainian, nohyphenation, loaded.
(/usr/share/texmf/tex/latex/base/report.cls
Document Class: report 2004/02/16 v1.4f Standard LaTeX document class
(/usr/share/texmf/tex/latex/base/size10.clo
File: size10.clo 2004/02/16 v1.4f Standard LaTeX file (size option)
)
\c@part=\count79
\c@chapter=\count80
\c@section=\count81
\c@subsection=\count82
\c@subsubsection=\count83
\c@paragraph=\count84
\c@subparagraph=\count85
\c@figure=\count86
\c@table=\count87
\abovecaptionskip=\skip41
\belowcaptionskip=\skip42
\bibindent=\dimen102
)
(/usr/share/texmf/tex/latex/amsfonts/amssymb.sty
Package: amssymb 2002/01/22 v2.2d

(/usr/share/texmf/tex/latex/amsfonts/amsfonts.sty
Package: amsfonts 2001/10/25 v2.2f
\@emptytoks=\toks14
\symAMSa=\mathgroup4
\symAMSb=\mathgroup5
LaTeX Font Info:    Overwriting math alphabet `\mathfrak' in version `bold'
(Font)                  U/euf/m/n --> U/euf/b/n on input line 132.
))
(/usr/share/texmf/tex/latex/graphics/graphicx.sty
Package: graphicx 1999/02/16 v1.0f Enhanced LaTeX Graphics (DPC,SPQR)

(/usr/share/texmf/tex/latex/graphics/keyval.sty
Package: keyval 1999/03/16 v1.13 key=value parser (DPC)
\KV@toks@=\toks15
)
(/usr/share/texmf/tex/latex/graphics/graphics.sty
Package: graphics 2001/07/07 v1.0n Standard LaTeX Graphics (DPC,SPQR)

(/usr/share/texmf/tex/latex/graphics/trig.sty
Package: trig 1999/03/16 v1.09 sin cos tan (DPC)
)
(/usr/share/texmf/tex/latex/graphics/graphics.cfg
File: graphics.cfg 2005/02/03 v1.3 graphics configuration of teTeX/TeXLive
)
Package graphics Info: Driver file: dvips.def on input line 80.

(/usr/share/texmf/tex/latex/graphics/dvips.def
File: dvips.def 1999/02/16 v3.0i Driver-dependant file (DPC,SPQR)
))
\Gin@req@height=\dimen103
\Gin@req@width=\dimen104
)
(/usr/share/texmf/tex/latex/tools/verbatim.sty
Package: verbatim 2003/08/22 v1.5q LaTeX2e package for verbatim enhancements
\every@verbatim=\toks16
\verbatim@line=\toks17
\verbatim@in@stream=\read1
) (./manual.aux)
\openout1 = `manual.aux'.

LaTeX Font Info:    Checking defaults for OML/cmm/m/it on input line 5.
LaTeX Font Info:    ... okay on input line 5.
LaTeX Font Info:    Checking defaults for T1/cmr/m/n on input line 5.
LaTeX Font Info:    ... okay on input line 5.
LaTeX Font Info:    Checking defaults for OT1/cmr/m/n on input line 5.
LaTeX Font Info:    ... okay on input line 5.
LaTeX Font Info:    Checking defaults for OMS/cmsy/m/n on input line 5.
LaTeX Font Info:    ... okay on input line 5.
LaTeX Font Info:    Checking defaults for OMX/cmex/m/n on input line 5.
LaTeX Font Info:    ... okay on input line 5.
LaTeX Font Info:    Checking defaults for U/cmr/m/n on input line 5.
LaTeX Font Info:    ... okay on input line 5.
LaTeX Font Info:    Try loading font information for U+msa on input line 9.

(/usr/share/texmf/tex/latex/amsfonts/umsa.fd
File: umsa.fd 2002/01/19 v2.2g AMS font definitions
)
LaTeX Font Info:    Try loading font information for U+msb on input line 9.

(/usr/share/texmf/tex/latex/amsfonts/umsb.fd
File: umsb.fd 2002/01/19 v2.2g AMS font definitions
)

LaTeX Warning: No \author given.

[1

]
Chapter 1.
LaTeX Font Info:    Try loading font information for OMS+cmr on input line 24.
(/usr/share/texmf/tex/latex/base/omscmr.fd
File: omscmr.fd 1999/05/25 v2.5h Standard LaTeX font definitions
)
LaTeX Font Info:    Font shape `OMS/cmr/m/n' in size <10> not available
(Font)              Font shape `OMS/cmsy/m/n' tried instead on input line 24.

Overfull \hbox (22.57556pt too wide) in paragraph at lines 26--27
[]\OT1/cmr/m/n/10 The \OT1/cmr/bx/n/10 com-mand line in-ter-face (mythen-Client
) mythen[]put, mythen[]get,
 []


Underfull \hbox (badness 10000) in paragraph at lines 35--36

 []

[1

]
Underfull \hbox (badness 10000) in paragraph at lines 37--38

 []


Overfull \hbox (30.84581pt too wide) in paragraph at lines 39--42
\OT1/cmr/m/n/10 op-tions []\OT1/cmtt/m/n/10 -thread -no-xft -qt-gif -no-excepti
ons \OT1/cmr/m/n/10 (check in \OT1/cmss/m/n/10 $QT-DIR/config.status\OT1/cmr/m/
n/10 ).
 []


Overfull \hbox (39.57574pt too wide) in paragraph at lines 44--46
\OT1/cmr/bx/n/10 en-abled \OT1/cmr/m/n/10 should be in-stalled (the bi-na-ries 
can be down-loaded from []\OT1/cmtt/m/n/10 http://root.cern.ch
 []


Overfull \hbox (111.77632pt too wide) in paragraph at lines 51--52
\OT1/cmr/m/n/10 Further de-tails can be found in the root user's man-ual at []\
OT1/cmtt/m/n/10 http://root.cern.ch/root/doc/RootDoc.html
 []


Underfull \hbox (badness 10000) in paragraph at lines 51--52

 []


Underfull \hbox (badness 10000) in paragraph at lines 53--55

 []

[2] [3]
Underfull \hbox (badness 10000) in paragraph at lines 114--115

 []


Overfull \hbox (1.49698pt too wide) in paragraph at lines 116--121
[]\OT1/cmtt/m/n/10 https://www.altera.com/download/programming/quartus2/pq2-ind
ex.jsp 
 []


Underfull \hbox (badness 10000) in paragraph at lines 116--121

 []

[4]
Overfull \hbox (19.41537pt too wide) in paragraph at lines 152--154
\OT1/cmr/m/n/10 con-tain-ing re-spec-tively the trim-files []\OT1/cmtt/m/n/10 s
tandard.trim\OT1/cmr/m/n/10 , []\OT1/cmtt/m/n/10 fast.trim \OT1/cmr/m/n/10 and 
[]\OT1/cmtt/m/n/10 highgain.trim
 []


Underfull \hbox (badness 10000) in paragraph at lines 152--154

 []

[5]
Overfull \hbox (3.66551pt too wide) in paragraph at lines 155--157
\OT1/cmr/m/n/10 con-tain-ing re-spec-tively the trim-files []\OT1/cmtt/m/n/10 s
tandard.cal\OT1/cmr/m/n/10 , []\OT1/cmtt/m/n/10 fast.cal \OT1/cmr/m/n/10 and []
\OT1/cmtt/m/n/10 highgain.cal
 []

[6]
Chapter 2.
[7

]
Overfull \hbox (44.06192pt too wide) in paragraph at lines 204--205
\OT1/cmr/m/n/10 gate[]in[]active[]high, gate[]in[]active[]low, trig-ger[]in[]ri
sing[]edge, trig-ger[]in[]falling[]edge,
 []


Overfull \hbox (81.31757pt too wide) in paragraph at lines 204--205
\OT1/cmr/m/n/10 ro[]trigger[]in[]rising[]edge, ro[]trigger[]in[]falling[]edge, 
gate[]out[]active[]high, gate[]out[]active[]low,
 []


Overfull \hbox (1.5285pt too wide) in paragraph at lines 204--205
\OT1/cmr/m/n/10 trig-ger[]out[]rising[]edge, trig-ger[]out[]falling[]edge, ro[]
trigger[]out[]rising[]edge,
 []

[8] [9]
Overfull \hbox (76.34535pt too wide) in paragraph at lines 254--255
\OT1/cmr/m/n/10 ger[]in[]falling[]edge, ro[]trigger[]in[]rising[]edge, ro[]trig
ger[]in[]falling[]edge, gate[]out[]active[]high,
 []


Overfull \hbox (90.60646pt too wide) in paragraph at lines 254--255
\OT1/cmr/m/n/10 gate[]out[]active[]low, trig-ger[]out[]rising[]edge, trig-ger[]
out[]falling[]edge, ro[]trigger[]out[]rising[]edge,
 []

[10] [11] [12] [13]
Chapter 3.
[14

]
Overfull \hbox (46.58405pt too wide) in paragraph at lines 392--394
\OT1/cmr/m/n/10 able some tabs you should en-ter the modes menu and se-lect Ad-
vanced/configuration/Debug
 []

[15]
Overfull \hbox (7.02911pt too wide) in paragraph at lines 431--432
[]\OT1/cmr/m/n/10 Measurement tab for non time-resolved mea-sure-ment, Time
 []

[16]
Chapter 4.
[17

] [18] (./manual.aux) ) 
Here is how much of TeX's memory you used:
 915 strings out of 94501
 10518 string characters out of 1176789
 56432 words of memory out of 1000000
 4105 multiletter control sequences out of 10000+50000
 13412 words of font info for 52 fonts, out of 500000 for 2000
 580 hyphenation exceptions out of 1000
 25i,8n,24p,620b,188s stack positions out of 1500i,500n,5000p,200000b,5000s

Output written on manual.dvi (19 pages, 44448 bytes).
