This is pdfTeX, Version 3.1415926-2.5-1.40.14 (TeX Live 2013) (format=latex 2018.8.23)  27 SEP 2018 18:31
entering extended mode
 restricted \write18 enabled.
 %&-line parsing enabled.
**./images.tex
(./images.tex
LaTeX2e <2011/06/27>
Babel <v3.8m> and hyphenation patterns for english, dumylang, nohyphenation, lo
aded.

(/usr/share/texlive/texmf-dist/tex/latex/base/article.cls
Document Class: article 2007/10/19 v1.4h Standard LaTeX document class
(/usr/share/texlive/texmf-dist/tex/latex/base/size10.clo
File: size10.clo 2007/10/19 v1.4h Standard LaTeX file (size option)
)
\c@part=\count79
\c@section=\count80
\c@subsection=\count81
\c@subsubsection=\count82
\c@paragraph=\count83
\c@subparagraph=\count84
\c@figure=\count85
\c@table=\count86
\abovecaptionskip=\skip41
\belowcaptionskip=\skip42
\bibindent=\dimen102
) (/usr/share/texlive/texmf-dist/tex/latex/base/ifthen.sty
Package: ifthen 2001/05/26 v1.1c Standard LaTeX ifthen package (DPC)
) (/usr/share/texlive/texmf-dist/tex/latex/amsfonts/amssymb.sty
Package: amssymb 2013/01/14 v3.01 AMS font symbols
(/usr/share/texlive/texmf-dist/tex/latex/amsfonts/amsfonts.sty
Package: amsfonts 2013/01/14 v3.01 Basic AMSFonts support
\@emptytoks=\toks14
\symAMSa=\mathgroup4
\symAMSb=\mathgroup5
LaTeX Font Info:    Overwriting math alphabet `\mathfrak' in version `bold'
(Font)                  U/euf/m/n --> U/euf/b/n on input line 106.
)) (/usr/share/texlive/texmf-dist/tex/latex/graphics/graphicx.sty
Package: graphicx 1999/02/16 v1.0f Enhanced LaTeX Graphics (DPC,SPQR)
(/usr/share/texlive/texmf-dist/tex/latex/graphics/keyval.sty
Package: keyval 1999/03/16 v1.13 key=value parser (DPC)
\KV@toks@=\toks15
) (/usr/share/texlive/texmf-dist/tex/latex/graphics/graphics.sty
Package: graphics 2009/02/05 v1.0o Standard LaTeX Graphics (DPC,SPQR)
(/usr/share/texlive/texmf-dist/tex/latex/graphics/trig.sty
Package: trig 1999/03/16 v1.09 sin cos tan (DPC)
) (/usr/share/texlive/texmf-dist/tex/latex/latexconfig/graphics.cfg
File: graphics.cfg 2010/04/23 v1.9 graphics configuration of TeX Live
)
Package graphics Info: Driver file: dvips.def on input line 91.
(/usr/share/texlive/texmf-dist/tex/latex/graphics/dvips.def
File: dvips.def 1999/02/16 v3.0i Driver-dependant file (DPC,SPQR)
))
\Gin@req@height=\dimen103
\Gin@req@width=\dimen104
) (/usr/share/texlive/texmf-dist/tex/latex/tools/verbatim.sty
Package: verbatim 2003/08/22 v1.5q LaTeX2e package for verbatim enhancements
\every@verbatim=\toks16
\verbatim@line=\toks17
\verbatim@in@stream=\read1
) (/usr/share/texlive/texmf-dist/tex/latex/graphics/color.sty
Package: color 2005/11/14 v1.0j Standard LaTeX Color (DPC)
(/usr/share/texlive/texmf-dist/tex/latex/latexconfig/color.cfg
File: color.cfg 2007/01/18 v1.5 color configuration of teTeX/TeXLive
)
Package color Info: Driver file: dvips.def on input line 130.
(/usr/share/texlive/texmf-dist/tex/latex/graphics/dvipsnam.def
File: dvipsnam.def 1999/02/16 v3.0i Driver-dependant file (DPC,SPQR)
)) (/usr/share/texlive/texmf-dist/tex/latex/base/inputenc.sty
Package: inputenc 2008/03/30 v1.1d Input encoding file
\inpenc@prehook=\toks18
\inpenc@posthook=\toks19
)
\sizebox=\box26
\lthtmlwrite=\write3
(./images.aux)
\openout1 = `images.aux'.

LaTeX Font Info:    Checking defaults for OML/cmm/m/it on input line 116.
LaTeX Font Info:    ... okay on input line 116.
LaTeX Font Info:    Checking defaults for T1/cmr/m/n on input line 116.
LaTeX Font Info:    ... okay on input line 116.
LaTeX Font Info:    Checking defaults for OT1/cmr/m/n on input line 116.
LaTeX Font Info:    ... okay on input line 116.
LaTeX Font Info:    Checking defaults for OMS/cmsy/m/n on input line 116.
LaTeX Font Info:    ... okay on input line 116.
LaTeX Font Info:    Checking defaults for OMX/cmex/m/n on input line 116.
LaTeX Font Info:    ... okay on input line 116.
LaTeX Font Info:    Checking defaults for U/cmr/m/n on input line 116.
LaTeX Font Info:    ... okay on input line 116.

latex2htmlLength hsize=349.0pt

latex2htmlLength vsize=633.0pt

latex2htmlLength hoffset=0.0pt

latex2htmlLength voffset=0.0pt

latex2htmlLength topmargin=0.0pt

latex2htmlLength topskip=0.00003pt

latex2htmlLength headheight=0.0pt

latex2htmlLength headsep=0.0pt

latex2htmlLength parskip=0.0pt plus 1.0pt

latex2htmlLength oddsidemargin=62.0pt

latex2htmlLength evensidemargin=62.0pt

LaTeX Font Info:    Try loading font information for U+msa on input line 140.
(/usr/share/texlive/texmf-dist/tex/latex/amsfonts/umsa.fd
File: umsa.fd 2013/01/14 v3.01 AMS symbols A
)
LaTeX Font Info:    Try loading font information for U+msb on input line 140.
(/usr/share/texlive/texmf-dist/tex/latex/amsfonts/umsb.fd
File: umsb.fd 2013/01/14 v3.01 AMS symbols B
)
l2hSize :tex2html_wrap_inline464:7.33331pt::7.33331pt::12.3681pt.
[1



]
l2hSize :tex2html_wrap_inline466:7.33331pt::7.33331pt::13.02087pt.
[2


]
l2hSize :tex2html_wrap_inline468:6.83331pt::0.0pt::25.4458pt.
[3


]
l2hSize :tex2html_wrap_inline470:6.83331pt::0.0pt::25.62634pt.
[4


]
l2hSize :tex2html_wrap_inline472:7.33331pt::7.33331pt::14.32782pt.
[5


]
! Undefined control sequence.
l.170 $CS={\begingroupN
                       _S\endgroup\over N_0}$%
The control sequence at the end of the top line
of your error message was never \def'ed. If you have
misspelled it (e.g., `\hobx'), type `I' and the correct
spelling (e.g., `I\hbox'). Otherwise just continue,
and I'll forget about whatever was undefined.

! Missing } inserted.
<inserted text> 
                }
l.170 $CS={\begingroupN_S\endgroup
                                  \over N_0}$%
I've inserted something that you may have forgotten.
(See the <inserted text> above.)
With luck, this will get me unwedged. But if you
really didn't forget anything, try typing `2' now; then
my insertion and my current dilemma will both disappear.

! Missing $ inserted.
<inserted text> 
                $
l.170 $CS={\begingroupN_S\endgroup
                                  \over N_0}$%
I've inserted something that you may have forgotten.
(See the <inserted text> above.)
With luck, this will get me unwedged. But if you
really didn't forget anything, try typing `2' now; then
my insertion and my current dilemma will both disappear.

! Missing } inserted.
<inserted text> 
                }
l.170 $CS={\begingroupN_S\endgroup
                                  \over N_0}$%
I've inserted something that you may have forgotten.
(See the <inserted text> above.)
With luck, this will get me unwedged. But if you
really didn't forget anything, try typing `2' now; then
my insertion and my current dilemma will both disappear.

! Missing } inserted.
<inserted text> 
                }
l.170 $CS={\begingroupN_S\endgroup
                                  \over N_0}$%
I've inserted something that you may have forgotten.
(See the <inserted text> above.)
With luck, this will get me unwedged. But if you
really didn't forget anything, try typing `2' now; then
my insertion and my current dilemma will both disappear.

! Extra \endgroup.
<recently read> \endgroup 
                          
l.170 $CS={\begingroupN_S\endgroup
                                  \over N_0}$%
Things are pretty mixed up, but I think the worst is over.

! Missing $ inserted.
<inserted text> 
                $
l.170 $CS={\begingroupN_S\endgroup\over
                                        N_0}$%
I've inserted a begin-math/end-math symbol since I think
you left one out. Proceed, with fingers crossed.

! Extra }, or forgotten $.
l.170 $CS={\begingroupN_S\endgroup\over N_0}
                                            $%
I've deleted a group-closing symbol because it seems to be
spurious, as in `$x}$'. But perhaps the } is legitimate and
you forgot something else, as in `\hbox{$x}'. In such cases
the way to recover is to insert both the forgotten and the
deleted material, e.g., by typing `I$}'.

! Too many }'s.
\lthtmlinlinemathZ ->\egroup 
                             \expandafter \ifdim \dp \sizebox >0pt \expandaf...
l.171 \lthtmlinlinemathZ
                        
You've closed more groups than you opened.
Such booboos are generally harmless, so keep going.

l2hSize :tex2html_wrap_inline474:0.0pt::0.0pt::0.0pt.
[6


]
! Too many }'s.
l.172 \lthtmlcheckvsize\clearpage}
                                  
You've closed more groups than you opened.
Such booboos are generally harmless, so keep going.

l2hSize :tex2html_wrap_inline482:7.33331pt::7.33331pt::13.06606pt.
[7


]
l2hSize :tex2html_wrap_inline486:8.0pt::8.0pt::22.36813pt.
[8


]
l2hSize :tex2html_wrap_inline490:6.83331pt::0.0pt::19.3889pt.
[9


]
l2hSize :tex2html_wrap_inline492:7.33331pt::7.33331pt::11.40282pt.
[10


]
l2hSize :tex2html_wrap_inline494:7.33331pt::7.33331pt::51.00127pt.
[11


]
l2hSize :tex2html_wrap_inline131:7.96227pt::0.0pt::11.90631pt.
[12


]
l2hSize :tex2html_wrap_inline137:6.83331pt::0.0pt::9.05698pt.
[13


]
l2hSize :tex2html_wrap_inline141:8.0pt::8.0pt::46.60414pt.
[14


]
l2hSize :tex2html_wrap_inline143:6.83331pt::0.0pt::9.625pt.
[15


]
l2hSize :tex2html_wrap_inline147:7.33331pt::7.33331pt::13.97807pt.
[16


]
l2hSize :tex2html_wrap_inline149:7.33331pt::7.33331pt::13.66582pt.
[17


]
l2hSize :displaymath17:22.95789pt::0.0pt::349.0pt.
[18


]
l2hSize :tex2html_wrap_inline151:7.33331pt::7.33331pt::11.92157pt.
[19


]
l2hSize :tex2html_wrap_inline153:7.33331pt::7.33331pt::50.08467pt.
[20


]
l2hSize :tex2html_wrap_inline155:6.95831pt::6.95831pt::9.14589pt.
[21


]
l2hSize :tex2html_wrap_inline157:6.83331pt::0.0pt::7.73268pt.
[22


]
l2hSize :displaymath26:22.95789pt::0.0pt::349.0pt.
[23


]
l2hSize :tex2html_wrap_inline165:7.33331pt::7.33331pt::52.6679pt.
[24


]
l2hSize :tex2html_wrap_inline167:6.83331pt::0.0pt::8.40558pt.
[25


]
l2hSize :tex2html_wrap_inline169:6.83331pt::0.0pt::8.36252pt.
[26


]
l2hSize :tex2html_wrap_inline171:7.33331pt::7.33331pt::9.8542pt.
[27


]
l2hSize :displaymath34:13.49998pt::0.0pt::349.0pt.
[28


]
l2hSize :tex2html_wrap_inline175:6.59525pt::0.0pt::3.94516pt.
[29


]
l2hSize :tex2html_wrap_inline177:7.33331pt::7.33331pt::11.45708pt.
[30


]
l2hSize :tex2html_wrap_inline179:7.33331pt::7.33331pt::11.6918pt.
[31


]
l2hSize :tex2html_wrap_inline191:9.38889pt::9.38889pt::42.17287pt.
[32


]
File: fig4.eps Graphic file (type eps)
<fig4.eps>
l2hSize :tex2html_wrap559:338.53587pt::0.0pt::349.0pt.
[33


]
File: fig5.eps Graphic file (type eps)
<fig5.eps>
l2hSize :tex2html_wrap563:338.53587pt::0.0pt::349.0pt.
[34


]
File: fig7.eps Graphic file (type eps)
<fig7.eps>
l2hSize :tex2html_wrap585:347.15315pt::0.0pt::349.0pt.
[35


]
File: fig8.eps Graphic file (type eps)
<fig8.eps>
l2hSize :tex2html_wrap589:338.53587pt::0.0pt::349.0pt.
[36


]
File: GUI_Advanced.eps Graphic file (type eps)
<GUI_Advanced.eps>
l2hSize :tex2html_wrap595:378.81322pt::0.0pt::349.0pt.
[37


]
File: GUI_ThresholdScan.eps Graphic file (type eps)
<GUI_ThresholdScan.eps>
l2hSize :tex2html_wrap599:378.81322pt::0.0pt::349.0pt.
[38


]
File: addEnergy.eps Graphic file (type eps)
<addEnergy.eps>
l2hSize :tex2html_wrap605:436.2459pt::0.0pt::349.0pt.
[39


]
File: calibrateModule.eps Graphic file (type eps)
<calibrateModule.eps>
l2hSize :tex2html_wrap609:436.2459pt::0.0pt::349.0pt.
[40


] (./images.aux) ) 
Here is how much of TeX's memory you used:
 1161 strings out of 495064
 14835 string characters out of 3182224
 55704 words of memory out of 3000000
 4366 multiletter control sequences out of 15000+200000
 5339 words of font info for 22 fonts, out of 3000000 for 9000
 14 hyphenation exceptions out of 8191
 25i,6n,26p,836b,199s stack positions out of 5000i,500n,10000p,200000b,50000s

Output written on images.dvi (40 pages, 9712 bytes).
